# JRE version: Java(TM) SE Runtime Environment (8.0_111-b14) (build 1.8.0_111-b14)
# Java VM: Java HotSpot(TM) 64-Bit Server VM (25.111-b14 mixed mode windows-amd64 compressed oops)
Heap:
 PSYoungGen      total 652800K, used 645406K [0x00000000d6300000, 0x0000000100000000, 0x0000000100000000)
  eden space 628736K, 98% used [0x00000000d6300000,0x00000000fc228cf0,0x00000000fc900000)
  from space 24064K, 98% used [0x00000000fc900000,0x00000000fe01eb60,0x00000000fe080000)
  to   space 30720K, 0% used [0x00000000fe200000,0x00000000fe200000,0x0000000100000000)
 ParOldGen       total 86016K, used 55308K [0x0000000082800000, 0x0000000087c00000, 0x00000000d6300000)
  object space 86016K, 64% used [0x0000000082800000,0x0000000085e033e0,0x0000000087c00000)
 Metaspace       used 16384K, capacity 16630K, committed 16896K, reserved 1064960K
  class space    used 1946K, capacity 2033K, committed 2048K, reserved 1048576K
GC Heap History (10 events):
Event: 20.381 GC heap before
{Heap before GC invocations=9 (full 0):
 PSYoungGen      total 282112K, used 263617K [0x00000000d6300000, 0x00000000e8e00000, 0x0000000100000000)
  eden space 259584K, 100% used [0x00000000d6300000,0x00000000e6080000,0x00000000e6080000)
  from space 22528K, 17% used [0x00000000e7700000,0x00000000e7af06e8,0x00000000e8d00000)
  to   space 23040K, 0% used [0x00000000e6080000,0x00000000e6080000,0x00000000e7700000)
 ParOldGen       total 86016K, used 50240K [0x0000000082800000, 0x0000000087c00000, 0x00000000d6300000)
  object space 86016K, 58% used [0x0000000082800000,0x0000000085910178,0x0000000087c00000)
 Metaspace       used 15909K, capacity 16106K, committed 16384K, reserved 1062912K
  class space    used 1943K, capacity 2033K, committed 2048K, reserved 1048576K
Event: 20.397 GC heap after
Heap after GC invocations=9 (full 0):
 PSYoungGen      total 282624K, used 5456K [0x00000000d6300000, 0x00000000f2500000, 0x0000000100000000)
  eden space 259584K, 0% used [0x00000000d6300000,0x00000000d6300000,0x00000000e6080000)
  from space 23040K, 23% used [0x00000000e6080000,0x00000000e65d43c0,0x00000000e7700000)
  to   space 22528K, 0% used [0x00000000f0f00000,0x00000000f0f00000,0x00000000f2500000)
 ParOldGen       total 86016K, used 50272K [0x0000000082800000, 0x0000000087c00000, 0x00000000d6300000)
  object space 86016K, 58% used [0x0000000082800000,0x0000000085918178,0x0000000087c00000)
 Metaspace       used 15909K, capacity 16106K, committed 16384K, reserved 1062912K
  class space    used 1943K, capacity 2033K, committed 2048K, reserved 1048576K
}
Event: 22.917 GC heap before
{Heap before GC invocations=10 (full 0):
 PSYoungGen      total 282624K, used 265040K [0x00000000d6300000, 0x00000000f2500000, 0x0000000100000000)
  eden space 259584K, 100% used [0x00000000d6300000,0x00000000e6080000,0x00000000e6080000)
  from space 23040K, 23% used [0x00000000e6080000,0x00000000e65d43c0,0x00000000e7700000)
  to   space 22528K, 0% used [0x00000000f0f00000,0x00000000f0f00000,0x00000000f2500000)
 ParOldGen       total 86016K, used 51082K [0x0000000082800000, 0x0000000087c00000, 0x00000000d6300000)
  object space 86016K, 59% used [0x0000000082800000,0x00000000859e2988,0x0000000087c00000)
 Metaspace       used 16040K, capacity 16246K, committed 16384K, reserved 1062912K
  class space    used 1943K, capacity 2033K, committed 2048K, reserved 1048576K
Event: 22.949 GC heap after
Heap after GC invocations=10 (full 0):
 PSYoungGen      total 436224K, used 10072K [0x00000000d6300000, 0x00000000f2300000, 0x0000000100000000)
  eden space 415744K, 0% used [0x00000000d6300000,0x00000000d6300000,0x00000000ef900000)
  from space 20480K, 49% used [0x00000000f0f00000,0x00000000f18d63c8,0x00000000f2300000)
  to   space 21504K, 0% used [0x00000000ef900000,0x00000000ef900000,0x00000000f0e00000)
 ParOldGen       total 86016K, used 51221K [0x0000000082800000, 0x0000000087c00000, 0x00000000d6300000)
  object space 86016K, 59% used [0x0000000082800000,0x0000000085a055f0,0x0000000087c00000)
 Metaspace       used 16040K, capacity 16246K, committed 16384K, reserved 1062912K
  class space    used 1943K, capacity 2033K, committed 2048K, reserved 1048576K
}
Event: 27.176 GC heap before
{Heap before GC invocations=11 (full 0):
 PSYoungGen      total 436224K, used 425816K [0x00000000d6300000, 0x00000000f2300000, 0x0000000100000000)
  eden space 415744K, 100% used [0x00000000d6300000,0x00000000ef900000,0x00000000ef900000)
  from space 20480K, 49% used [0x00000000f0f00000,0x00000000f18d63c8,0x00000000f2300000)
  to   space 21504K, 0% used [0x00000000ef900000,0x00000000ef900000,0x00000000f0e00000)
 ParOldGen       total 86016K, used 53764K [0x0000000082800000, 0x0000000087c00000, 0x00000000d6300000)
  object space 86016K, 62% used [0x0000000082800000,0x0000000085c813e0,0x0000000087c00000)
 Metaspace       used 16209K, capacity 16438K, committed 16640K, reserved 1064960K
  class space    used 1944K, capacity 2033K, committed 2048K, reserved 1048576K
Event: 27.301 GC heap after
Heap after GC invocations=11 (full 0):
 PSYoungGen      total 437248K, used 21502K [0x00000000d6300000, 0x0000000100000000, 0x0000000100000000)
  eden space 415744K, 0% used [0x00000000d6300000,0x00000000d6300000,0x00000000ef900000)
  from space 21504K, 99% used [0x00000000ef900000,0x00000000f0dff830,0x00000000f0e00000)
  to   space 25088K, 0% used [0x00000000fe780000,0x00000000fe780000,0x0000000100000000)
 ParOldGen       total 86016K, used 55220K [0x0000000082800000, 0x0000000087c00000, 0x00000000d6300000)
  object space 86016K, 64% used [0x0000000082800000,0x0000000085ded3e0,0x0000000087c00000)
 Metaspace       used 16209K, capacity 16438K, committed 16640K, reserved 1064960K
  class space    used 1944K, capacity 2033K, committed 2048K, reserved 1048576K
}
Event: 31.169 GC heap before
{Heap before GC invocations=12 (full 0):
 PSYoungGen      total 437248K, used 437246K [0x00000000d6300000, 0x0000000100000000, 0x0000000100000000)
  eden space 415744K, 100% used [0x00000000d6300000,0x00000000ef900000,0x00000000ef900000)
  from space 21504K, 99% used [0x00000000ef900000,0x00000000f0dff830,0x00000000f0e00000)
  to   space 25088K, 0% used [0x00000000fe780000,0x00000000fe780000,0x0000000100000000)
 ParOldGen       total 86016K, used 55220K [0x0000000082800000, 0x0000000087c00000, 0x00000000d6300000)
  object space 86016K, 64% used [0x0000000082800000,0x0000000085ded3e0,0x0000000087c00000)
 Metaspace       used 16304K, capacity 16502K, committed 16640K, reserved 1064960K
  class space    used 1944K, capacity 2033K, committed 2048K, reserved 1048576K
Event: 31.239 GC heap after
Heap after GC invocations=12 (full 0):
 PSYoungGen      total 653824K, used 23348K [0x00000000d6300000, 0x0000000100000000, 0x0000000100000000)
  eden space 628736K, 0% used [0x00000000d6300000,0x00000000d6300000,0x00000000fc900000)
  from space 25088K, 93% used [0x00000000fe780000,0x00000000ffe4d020,0x0000000100000000)
  to   space 28160K, 0% used [0x00000000fc900000,0x00000000fc900000,0x00000000fe480000)
 ParOldGen       total 86016K, used 55252K [0x0000000082800000, 0x0000000087c00000, 0x00000000d6300000)
  object space 86016K, 64% used [0x0000000082800000,0x0000000085df53e0,0x0000000087c00000)
 Metaspace       used 16304K, capacity 16502K, committed 16640K, reserved 1064960K
  class space    used 1944K, capacity 2033K, committed 2048K, reserved 1048576K
}
Event: 37.902 GC heap before
{Heap before GC invocations=13 (full 0):
 PSYoungGen      total 653824K, used 652084K [0x00000000d6300000, 0x0000000100000000, 0x0000000100000000)
  eden space 628736K, 100% used [0x00000000d6300000,0x00000000fc900000,0x00000000fc900000)
  from space 25088K, 93% used [0x00000000fe780000,0x00000000ffe4d020,0x0000000100000000)
  to   space 28160K, 0% used [0x00000000fc900000,0x00000000fc900000,0x00000000fe480000)
 ParOldGen       total 86016K, used 55252K [0x0000000082800000, 0x0000000087c00000, 0x00000000d6300000)
  object space 86016K, 64% used [0x0000000082800000,0x0000000085df53e0,0x0000000087c00000)
 Metaspace       used 16343K, capacity 16630K, committed 16896K, reserved 1064960K
  class space    used 1945K, capacity 2033K, committed 2048K, reserved 1048576K
Event: 38.119 GC heap after
Heap after GC invocations=13 (full 0):
 PSYoungGen      total 652800K, used 23674K [0x00000000d6300000, 0x0000000100000000, 0x0000000100000000)
  eden space 628736K, 0% used [0x00000000d6300000,0x00000000d6300000,0x00000000fc900000)
  from space 24064K, 98% used [0x00000000fc900000,0x00000000fe01eb60,0x00000000fe080000)
  to   space 30720K, 0% used [0x00000000fe200000,0x00000000fe200000,0x0000000100000000)
 ParOldGen       total 86016K, used 55308K [0x0000000082800000, 0x0000000087c00000, 0x00000000d6300000)
  object space 86016K, 64% used [0x0000000082800000,0x0000000085e033e0,0x0000000087c00000)
 Metaspace       used 16343K, capacity 16630K, committed 16896K, reserved 1064960K
  class space    used 1945K, capacity 2033K, committed 2048K, reserved 1048576K
}

