# JRE version: Java(TM) SE Runtime Environment (8.0_111-b14) (build 1.8.0_111-b14)
# Java VM: Java HotSpot(TM) 64-Bit Server VM (25.111-b14 mixed mode windows-amd64 compressed oops)
Heap:
 PSYoungGen      total 647168K, used 623373K [0x00000000d6300000, 0x0000000100000000, 0x0000000100000000)
  eden space 609280K, 96% used [0x00000000d6300000,0x00000000f9ec7cc0,0x00000000fb600000)
  from space 37888K, 99% used [0x00000000fb600000,0x00000000fdafbab8,0x00000000fdb00000)
  to   space 37888K, 0% used [0x00000000fdb00000,0x00000000fdb00000,0x0000000100000000)
 ParOldGen       total 86016K, used 50674K [0x0000000082800000, 0x0000000087c00000, 0x00000000d6300000)
  object space 86016K, 58% used [0x0000000082800000,0x000000008597cb88,0x0000000087c00000)
 Metaspace       used 16515K, capacity 16758K, committed 16896K, reserved 1064960K
  class space    used 1947K, capacity 2033K, committed 2048K, reserved 1048576K
GC Heap History (10 events):
Event: 72.293 GC heap before
{Heap before GC invocations=19 (full 0):
 PSYoungGen      total 652800K, used 635148K [0x00000000d6300000, 0x0000000100000000, 0x0000000100000000)
  eden space 622592K, 100% used [0x00000000d6300000,0x00000000fc300000,0x00000000fc300000)
  from space 30208K, 41% used [0x00000000fdf00000,0x00000000feb433d8,0x00000000ffc80000)
  to   space 28672K, 0% used [0x00000000fc300000,0x00000000fc300000,0x00000000fdf00000)
 ParOldGen       total 86016K, used 37506K [0x0000000082800000, 0x0000000087c00000, 0x00000000d6300000)
  object space 86016K, 43% used [0x0000000082800000,0x0000000084ca0b88,0x0000000087c00000)
 Metaspace       used 16432K, capacity 16694K, committed 16896K, reserved 1064960K
  class space    used 1947K, capacity 2033K, committed 2048K, reserved 1048576K
Event: 72.331 GC heap after
Heap after GC invocations=19 (full 0):
 PSYoungGen      total 605184K, used 11286K [0x00000000d6300000, 0x00000000fdf80000, 0x0000000100000000)
  eden space 593408K, 0% used [0x00000000d6300000,0x00000000d6300000,0x00000000fa680000)
  from space 11776K, 95% used [0x00000000fc300000,0x00000000fce05b88,0x00000000fce80000)
  to   space 17408K, 0% used [0x00000000fce80000,0x00000000fce80000,0x00000000fdf80000)
 ParOldGen       total 86016K, used 37562K [0x0000000082800000, 0x0000000087c00000, 0x00000000d6300000)
  object space 86016K, 43% used [0x0000000082800000,0x0000000084caeb88,0x0000000087c00000)
 Metaspace       used 16432K, capacity 16694K, committed 16896K, reserved 1064960K
  class space    used 1947K, capacity 2033K, committed 2048K, reserved 1048576K
}
Event: 78.025 GC heap before
{Heap before GC invocations=20 (full 0):
 PSYoungGen      total 605184K, used 604694K [0x00000000d6300000, 0x00000000fdf80000, 0x0000000100000000)
  eden space 593408K, 100% used [0x00000000d6300000,0x00000000fa680000,0x00000000fa680000)
  from space 11776K, 95% used [0x00000000fc300000,0x00000000fce05b88,0x00000000fce80000)
  to   space 17408K, 0% used [0x00000000fce80000,0x00000000fce80000,0x00000000fdf80000)
 ParOldGen       total 86016K, used 37562K [0x0000000082800000, 0x0000000087c00000, 0x00000000d6300000)
  object space 86016K, 43% used [0x0000000082800000,0x0000000084caeb88,0x0000000087c00000)
 Metaspace       used 16453K, capacity 16694K, committed 16896K, reserved 1064960K
  class space    used 1947K, capacity 2033K, committed 2048K, reserved 1048576K
Event: 78.085 GC heap after
Heap after GC invocations=20 (full 0):
 PSYoungGen      total 583168K, used 17399K [0x00000000d6300000, 0x00000000fdf80000, 0x0000000100000000)
  eden space 565760K, 0% used [0x00000000d6300000,0x00000000d6300000,0x00000000f8b80000)
  from space 17408K, 99% used [0x00000000fce80000,0x00000000fdf7df50,0x00000000fdf80000)
  to   space 29696K, 0% used [0x00000000fa580000,0x00000000fa580000,0x00000000fc280000)
 ParOldGen       total 86016K, used 42514K [0x0000000082800000, 0x0000000087c00000, 0x00000000d6300000)
  object space 86016K, 49% used [0x0000000082800000,0x0000000085184b88,0x0000000087c00000)
 Metaspace       used 16453K, capacity 16694K, committed 16896K, reserved 1064960K
  class space    used 1947K, capacity 2033K, committed 2048K, reserved 1048576K
}
Event: 83.404 GC heap before
{Heap before GC invocations=21 (full 0):
 PSYoungGen      total 583168K, used 582741K [0x00000000d6300000, 0x00000000fdf80000, 0x0000000100000000)
  eden space 565760K, 99% used [0x00000000d6300000,0x00000000f8b17858,0x00000000f8b80000)
  from space 17408K, 99% used [0x00000000fce80000,0x00000000fdf7df50,0x00000000fdf80000)
  to   space 29696K, 0% used [0x00000000fa580000,0x00000000fa580000,0x00000000fc280000)
 ParOldGen       total 86016K, used 42514K [0x0000000082800000, 0x0000000087c00000, 0x00000000d6300000)
  object space 86016K, 49% used [0x0000000082800000,0x0000000085184b88,0x0000000087c00000)
 Metaspace       used 16478K, capacity 16758K, committed 16896K, reserved 1064960K
  class space    used 1947K, capacity 2033K, committed 2048K, reserved 1048576K
Event: 83.548 GC heap after
Heap after GC invocations=21 (full 0):
 PSYoungGen      total 622080K, used 29666K [0x00000000d6300000, 0x0000000100000000, 0x0000000100000000)
  eden space 592384K, 0% used [0x00000000d6300000,0x00000000d6300000,0x00000000fa580000)
  from space 29696K, 99% used [0x00000000fa580000,0x00000000fc278b10,0x00000000fc280000)
  to   space 34304K, 0% used [0x00000000fde80000,0x00000000fde80000,0x0000000100000000)
 ParOldGen       total 86016K, used 43690K [0x0000000082800000, 0x0000000087c00000, 0x00000000d6300000)
  object space 86016K, 50% used [0x0000000082800000,0x00000000852aab88,0x0000000087c00000)
 Metaspace       used 16478K, capacity 16758K, committed 16896K, reserved 1064960K
  class space    used 1947K, capacity 2033K, committed 2048K, reserved 1048576K
}
Event: 89.146 GC heap before
{Heap before GC invocations=22 (full 0):
 PSYoungGen      total 622080K, used 621371K [0x00000000d6300000, 0x0000000100000000, 0x0000000100000000)
  eden space 592384K, 99% used [0x00000000d6300000,0x00000000fa4d6330,0x00000000fa580000)
  from space 29696K, 99% used [0x00000000fa580000,0x00000000fc278b10,0x00000000fc280000)
  to   space 34304K, 0% used [0x00000000fde80000,0x00000000fde80000,0x0000000100000000)
 ParOldGen       total 86016K, used 43690K [0x0000000082800000, 0x0000000087c00000, 0x00000000d6300000)
  object space 86016K, 50% used [0x0000000082800000,0x00000000852aab88,0x0000000087c00000)
 Metaspace       used 16507K, capacity 16758K, committed 16896K, reserved 1064960K
  class space    used 1947K, capacity 2033K, committed 2048K, reserved 1048576K
Event: 89.252 GC heap after
Heap after GC invocations=22 (full 0):
 PSYoungGen      total 643584K, used 30938K [0x00000000d6300000, 0x0000000100000000, 0x0000000100000000)
  eden space 609280K, 0% used [0x00000000d6300000,0x00000000d6300000,0x00000000fb600000)
  from space 34304K, 90% used [0x00000000fde80000,0x00000000ffcb6870,0x0000000100000000)
  to   space 37888K, 0% used [0x00000000fb600000,0x00000000fb600000,0x00000000fdb00000)
 ParOldGen       total 86016K, used 43714K [0x0000000082800000, 0x0000000087c00000, 0x00000000d6300000)
  object space 86016K, 50% used [0x0000000082800000,0x00000000852b0b88,0x0000000087c00000)
 Metaspace       used 16507K, capacity 16758K, committed 16896K, reserved 1064960K
  class space    used 1947K, capacity 2033K, committed 2048K, reserved 1048576K
}
Event: 95.849 GC heap before
{Heap before GC invocations=23 (full 0):
 PSYoungGen      total 643584K, used 640218K [0x00000000d6300000, 0x0000000100000000, 0x0000000100000000)
  eden space 609280K, 100% used [0x00000000d6300000,0x00000000fb600000,0x00000000fb600000)
  from space 34304K, 90% used [0x00000000fde80000,0x00000000ffcb6870,0x0000000100000000)
  to   space 37888K, 0% used [0x00000000fb600000,0x00000000fb600000,0x00000000fdb00000)
 ParOldGen       total 86016K, used 43714K [0x0000000082800000, 0x0000000087c00000, 0x00000000d6300000)
  object space 86016K, 50% used [0x0000000082800000,0x00000000852b0b88,0x0000000087c00000)
 Metaspace       used 16511K, capacity 16758K, committed 16896K, reserved 1064960K
  class space    used 1947K, capacity 2033K, committed 2048K, reserved 1048576K
Event: 95.967 GC heap after
Heap after GC invocations=23 (full 0):
 PSYoungGen      total 647168K, used 37870K [0x00000000d6300000, 0x0000000100000000, 0x0000000100000000)
  eden space 609280K, 0% used [0x00000000d6300000,0x00000000d6300000,0x00000000fb600000)
  from space 37888K, 99% used [0x00000000fb600000,0x00000000fdafbab8,0x00000000fdb00000)
  to   space 37888K, 0% used [0x00000000fdb00000,0x00000000fdb00000,0x0000000100000000)
 ParOldGen       total 86016K, used 50674K [0x0000000082800000, 0x0000000087c00000, 0x00000000d6300000)
  object space 86016K, 58% used [0x0000000082800000,0x000000008597cb88,0x0000000087c00000)
 Metaspace       used 16511K, capacity 16758K, committed 16896K, reserved 1064960K
  class space    used 1947K, capacity 2033K, committed 2048K, reserved 1048576K
}

